  [1m[36m (1.7ms)[0m  [1mCREATE TABLE "schema_migrations" ("version" varchar NOT NULL) [0m
  [1m[35m (0.1ms)[0m  select sqlite_version(*)
  [1m[36m (1.6ms)[0m  [1mCREATE UNIQUE INDEX "unique_schema_migrations" ON "schema_migrations" ("version")[0m
  [1m[35mActiveRecord::SchemaMigration Load (0.1ms)[0m  SELECT "schema_migrations".* FROM "schema_migrations"


Started GET "/" for ::1 at 2015-11-17 17:47:54 -0600
Processing by Rails::WelcomeController#index as HTML
  Rendered /Users/admin/.rvm/gems/ruby-2.1.2/gems/railties-4.2.3/lib/rails/templates/rails/welcome/index.html.erb (2.8ms)
Completed 200 OK in 27ms (Views: 19.4ms | ActiveRecord: 0.0ms)
  [1m[36mActiveRecord::SchemaMigration Load (0.1ms)[0m  [1mSELECT "schema_migrations".* FROM "schema_migrations"[0m
Migrating to CreateStudents (1)
  [1m[35m (0.1ms)[0m  begin transaction
  [1m[36m (0.4ms)[0m  [1mCREATE TABLE "students" ("id" INTEGER PRIMARY KEY AUTOINCREMENT NOT NULL, "first_name" varchar, "last_name" varchar, "created_at" datetime NOT NULL, "updated_at" datetime NOT NULL) [0m
  [1m[35mSQL (0.3ms)[0m  INSERT INTO "schema_migrations" ("version") VALUES (?)  [["version", "1"]]
  [1m[36m (1.4ms)[0m  [1mcommit transaction[0m
  [1m[35mActiveRecord::SchemaMigration Load (0.1ms)[0m  SELECT "schema_migrations".* FROM "schema_migrations"
  [1m[36m (0.1ms)[0m  [1mbegin transaction[0m
  [1m[35mSQL (0.3ms)[0m  INSERT INTO "students" ("first_name", "last_name", "created_at", "updated_at") VALUES (?, ?, ?, ?)  [["first_name", "Jordan"], ["last_name", "Hudgens"], ["created_at", "2015-11-18 00:10:55.545365"], ["updated_at", "2015-11-18 00:10:55.545365"]]
  [1m[36m (2.9ms)[0m  [1mcommit transaction[0m
  [1m[35mStudent Load (0.2ms)[0m  SELECT  "students".* FROM "students"  ORDER BY "students"."id" DESC LIMIT 1
  [1m[36m (0.1ms)[0m  [1mbegin transaction[0m
  [1m[35mSQL (0.3ms)[0m  INSERT INTO "students" ("created_at", "updated_at") VALUES (?, ?)  [["created_at", "2015-11-18 00:17:49.095449"], ["updated_at", "2015-11-18 00:17:49.095449"]]
  [1m[36m (1.2ms)[0m  [1mcommit transaction[0m
  [1m[35mStudent Load (0.2ms)[0m  SELECT  "students".* FROM "students"  ORDER BY "students"."id" DESC LIMIT 1
  [1m[36mActiveRecord::SchemaMigration Load (0.1ms)[0m  [1mSELECT "schema_migrations".* FROM "schema_migrations"[0m
  [1m[35mActiveRecord::SchemaMigration Load (0.1ms)[0m  SELECT "schema_migrations".* FROM "schema_migrations"


Started GET "/" for ::1 at 2015-11-18 13:36:42 -0600
  [1m[36mActiveRecord::SchemaMigration Load (0.1ms)[0m  [1mSELECT "schema_migrations".* FROM "schema_migrations"[0m
Processing by Rails::WelcomeController#index as HTML
  Rendered /Users/admin/.rvm/gems/ruby-2.1.2/gems/railties-4.2.3/lib/rails/templates/rails/welcome/index.html.erb (2.4ms)
Completed 200 OK in 39ms (Views: 24.5ms | ActiveRecord: 0.0ms)


Started GET "/" for ::1 at 2015-11-18 13:37:10 -0600
Processing by Rails::WelcomeController#index as HTML
  Rendered /Users/admin/.rvm/gems/ruby-2.1.2/gems/railties-4.2.3/lib/rails/templates/rails/welcome/index.html.erb (0.0ms)
Completed 200 OK in 1ms (Views: 0.7ms | ActiveRecord: 0.0ms)
  [1m[36mActiveRecord::SchemaMigration Load (0.5ms)[0m  [1mSELECT "schema_migrations".* FROM "schema_migrations"[0m
  [1m[35mActiveRecord::SchemaMigration Load (0.1ms)[0m  SELECT "schema_migrations".* FROM "schema_migrations"
  [1m[36mStudent Load (0.4ms)[0m  [1mSELECT  "students".* FROM "students"  ORDER BY "students"."id" DESC LIMIT 1[0m
  [1m[35mStudent Load (0.2ms)[0m  SELECT  "students".* FROM "students"  ORDER BY "students"."id" DESC LIMIT 1
  [1m[36m (0.1ms)[0m  [1mbegin transaction[0m
  [1m[35mSQL (0.6ms)[0m  DELETE FROM "students" WHERE "students"."id" = ?  [["id", 2]]
  [1m[36m (1.6ms)[0m  [1mcommit transaction[0m
  [1m[35mStudent Load (0.2ms)[0m  SELECT "students".* FROM "students"
  [1m[36mActiveRecord::SchemaMigration Load (2.2ms)[0m  [1mSELECT "schema_migrations".* FROM "schema_migrations"[0m
  [1m[35mActiveRecord::SchemaMigration Load (0.2ms)[0m  SELECT "schema_migrations".* FROM "schema_migrations"
  [1m[36mActiveRecord::SchemaMigration Load (2.2ms)[0m  [1mSELECT "schema_migrations".* FROM "schema_migrations"[0m
Migrating to CreateSchoolClasses (2)
  [1m[35m (0.1ms)[0m  begin transaction
  [1m[36m (6.9ms)[0m  [1mCREATE TABLE "school_classes" ("id" INTEGER PRIMARY KEY AUTOINCREMENT NOT NULL, "title" varchar, "room_number" integer, "created_at" datetime NOT NULL, "updated_at" datetime NOT NULL) [0m
  [1m[35mSQL (2.7ms)[0m  INSERT INTO "schema_migrations" ("version") VALUES (?)  [["version", "2"]]
  [1m[36m (9.2ms)[0m  [1mcommit transaction[0m
  [1m[35mActiveRecord::SchemaMigration Load (0.3ms)[0m  SELECT "schema_migrations".* FROM "schema_migrations"


Started GET "/students" for ::1 at 2018-06-12 19:44:25 -0400
  [1m[36mActiveRecord::SchemaMigration Load (4.9ms)[0m  [1mSELECT "schema_migrations".* FROM "schema_migrations"[0m
Processing by StudentsController#index as HTML
  Rendered students/index.html.erb within layouts/application (4.2ms)
Completed 200 OK in 622ms (Views: 600.7ms | ActiveRecord: 0.0ms)


Started GET "/students" for ::1 at 2018-06-12 19:44:51 -0400
Processing by StudentsController#index as HTML
  Rendered students/index.html.erb within layouts/application (0.3ms)
Completed 200 OK in 67ms (Views: 57.5ms | ActiveRecord: 0.0ms)


Started GET "/" for ::1 at 2018-06-12 19:45:03 -0400
Processing by Rails::WelcomeController#index as HTML
  Rendered /Users/Raz/.rvm/gems/ruby-2.3.3/gems/railties-4.2.10/lib/rails/templates/rails/welcome/index.html.erb (6.1ms)
Completed 200 OK in 20ms (Views: 18.4ms | ActiveRecord: 0.0ms)


Started GET "/students" for ::1 at 2018-06-12 19:45:23 -0400
Processing by StudentsController#index as HTML
  Rendered students/index.html.erb within layouts/application (0.1ms)
Completed 200 OK in 74ms (Views: 72.1ms | ActiveRecord: 0.0ms)


Started GET "/students" for ::1 at 2018-06-12 19:45:40 -0400
Processing by StudentsController#index as HTML
  Rendered students/index.html.erb within layouts/application (0.1ms)
Completed 200 OK in 94ms (Views: 93.0ms | ActiveRecord: 0.0ms)


Started GET "/students" for ::1 at 2018-06-12 19:47:32 -0400
Processing by StudentsController#index as HTML
  [1m[35mStudent Load (3.0ms)[0m  SELECT "students".* FROM "students"
  Rendered students/index.html.erb within layouts/application (69.6ms)
Completed 200 OK in 178ms (Views: 159.9ms | ActiveRecord: 13.6ms)


Started GET "/students/1" for ::1 at 2018-06-12 19:47:38 -0400
Processing by StudentsController#show as HTML
  Parameters: {"id"=>"1"}
Completed 500 Internal Server Error in 21ms (ActiveRecord: 0.0ms)

ArgumentError (wrong number of arguments (given 1, expected 0)):
  app/controllers/students_controller.rb:38:in `find_student'
  app/controllers/students_controller.rb:18:in `show'


  Rendered /Users/Raz/.rvm/gems/ruby-2.3.3/gems/actionpack-4.2.10/lib/action_dispatch/middleware/templates/rescues/_source.erb (5.0ms)
  Rendered /Users/Raz/.rvm/gems/ruby-2.3.3/gems/actionpack-4.2.10/lib/action_dispatch/middleware/templates/rescues/_trace.html.erb (3.4ms)
  Rendered /Users/Raz/.rvm/gems/ruby-2.3.3/gems/actionpack-4.2.10/lib/action_dispatch/middleware/templates/rescues/_request_and_response.html.erb (1.3ms)
  Rendered /Users/Raz/.rvm/gems/ruby-2.3.3/gems/actionpack-4.2.10/lib/action_dispatch/middleware/templates/rescues/diagnostics.html.erb within rescues/layout (119.4ms)


Started GET "/students/1" for ::1 at 2018-06-12 19:48:34 -0400

SyntaxError (/Users/Raz/Development/Labs/Mod_2/rails-form_for-lab-dumbo-web-051418/app/controllers/students_controller.rb:38: syntax error, unexpected tSYMBEG, expecting ')'
  def find_student(:id)
                    ^
/Users/Raz/Development/Labs/Mod_2/rails-form_for-lab-dumbo-web-051418/app/controllers/students_controller.rb:41: syntax error, unexpected keyword_end, expecting end-of-input):
  app/controllers/students_controller.rb:38: syntax error, unexpected tSYMBEG, expecting ')'
  app/controllers/students_controller.rb:41: syntax error, unexpected keyword_end, expecting end-of-input


  Rendered /Users/Raz/.rvm/gems/ruby-2.3.3/gems/actionpack-4.2.10/lib/action_dispatch/middleware/templates/rescues/_source.erb (6.2ms)
  Rendered /Users/Raz/.rvm/gems/ruby-2.3.3/gems/actionpack-4.2.10/lib/action_dispatch/middleware/templates/rescues/_trace.html.erb (4.1ms)
  Rendered /Users/Raz/.rvm/gems/ruby-2.3.3/gems/actionpack-4.2.10/lib/action_dispatch/middleware/templates/rescues/_request_and_response.html.erb (10.7ms)
  Rendered /Users/Raz/.rvm/gems/ruby-2.3.3/gems/actionpack-4.2.10/lib/action_dispatch/middleware/templates/rescues/diagnostics.html.erb within rescues/layout (120.1ms)


Started GET "/students/1" for ::1 at 2018-06-12 19:49:04 -0400
Processing by StudentsController#show as HTML
  Parameters: {"id"=>"1"}
  [1m[36mStudent Load (2.5ms)[0m  [1mSELECT  "students".* FROM "students" WHERE "students"."id" = ? LIMIT 1[0m  [["id", 1]]
  Rendered students/show.html.erb within layouts/application (0.4ms)
Completed 200 OK in 114ms (Views: 60.2ms | ActiveRecord: 3.4ms)


Started GET "/students/new" for ::1 at 2018-06-12 20:01:14 -0400
  [1m[36mActiveRecord::SchemaMigration Load (2.4ms)[0m  [1mSELECT "schema_migrations".* FROM "schema_migrations"[0m
Processing by StudentsController#new as HTML
  Rendered students/new.html.erb within layouts/application (42.2ms)
Completed 200 OK in 456ms (Views: 436.6ms | ActiveRecord: 0.4ms)


Started GET "/students/" for ::1 at 2018-06-12 20:05:05 -0400
  [1m[36mActiveRecord::SchemaMigration Load (2.4ms)[0m  [1mSELECT "schema_migrations".* FROM "schema_migrations"[0m
Processing by StudentsController#index as HTML
  [1m[35mStudent Load (2.6ms)[0m  SELECT "students".* FROM "students"
  Rendered students/index.html.erb within layouts/application (23.5ms)
Completed 200 OK in 480ms (Views: 460.3ms | ActiveRecord: 3.2ms)


Started GET "/students/" for ::1 at 2018-06-12 20:05:43 -0400
Processing by StudentsController#index as HTML
  [1m[36mStudent Load (0.3ms)[0m  [1mSELECT "students".* FROM "students"[0m
  Rendered students/index.html.erb within layouts/application (3.7ms)
Completed 200 OK in 59ms (Views: 57.6ms | ActiveRecord: 0.3ms)


Started GET "/students/1" for ::1 at 2018-06-12 20:05:51 -0400
Processing by StudentsController#show as HTML
  Parameters: {"id"=>"1"}
  [1m[35mStudent Load (0.3ms)[0m  SELECT  "students".* FROM "students" WHERE "students"."id" = ? LIMIT 1  [["id", 1]]
  Rendered students/show.html.erb within layouts/application (0.4ms)
Completed 200 OK in 105ms (Views: 48.7ms | ActiveRecord: 0.3ms)


Started GET "/students/new" for ::1 at 2018-06-12 20:05:54 -0400
Processing by StudentsController#new as HTML
  Rendered students/new.html.erb within layouts/application (65.7ms)
Completed 200 OK in 100ms (Views: 98.8ms | ActiveRecord: 0.0ms)


Started POST "/students" for ::1 at 2018-06-12 20:06:15 -0400
Processing by StudentsController#create as HTML
  Parameters: {"utf8"=>"✓", "authenticity_token"=>"hTbx2CxuNEy++7l6+D1M7RH1oHojwatjxOzQeB+8pfLCtvpR6wN+BDvXJIJBS/FjfL4Md+vJtxms9FFF7o4qYQ==", "student"=>{"first_name"=>"Jath", "last_name"=>"Gordon"}, "commit"=>"Register Student"}
  [1m[36m (0.2ms)[0m  [1mbegin transaction[0m
  [1m[35mSQL (2.9ms)[0m  INSERT INTO "students" ("first_name", "last_name", "created_at", "updated_at") VALUES (?, ?, ?, ?)  [["first_name", "Jath"], ["last_name", "Gordon"], ["created_at", "2018-06-13 00:06:39.876463"], ["updated_at", "2018-06-13 00:06:39.876463"]]
  [1m[36m (3.1ms)[0m  [1mcommit transaction[0m
Redirected to http://localhost:3000/students/3
Completed 302 Found in 23949ms (ActiveRecord: 6.2ms)


Started GET "/students/3" for ::1 at 2018-06-12 20:06:39 -0400
Processing by StudentsController#show as HTML
  Parameters: {"id"=>"3"}
  [1m[35mStudent Load (0.2ms)[0m  SELECT  "students".* FROM "students" WHERE "students"."id" = ? LIMIT 1  [["id", 3]]
  Rendered students/show.html.erb within layouts/application (0.2ms)
Completed 200 OK in 52ms (Views: 50.0ms | ActiveRecord: 0.2ms)


Started GET "/students/3" for ::1 at 2018-06-12 20:07:45 -0400
Processing by StudentsController#show as HTML
  Parameters: {"id"=>"3"}
  [1m[36mStudent Load (2.3ms)[0m  [1mSELECT  "students".* FROM "students" WHERE "students"."id" = ? LIMIT 1[0m  [["id", 3]]
  Rendered students/show.html.erb within layouts/application (1.2ms)
Completed 200 OK in 92ms (Views: 70.7ms | ActiveRecord: 3.3ms)


Started GET "/students/3" for ::1 at 2018-06-12 20:07:59 -0400
Processing by StudentsController#show as HTML
  Parameters: {"id"=>"3"}
  [1m[35mStudent Load (0.3ms)[0m  SELECT  "students".* FROM "students" WHERE "students"."id" = ? LIMIT 1  [["id", 3]]
  Rendered students/show.html.erb within layouts/application (1.2ms)
Completed 200 OK in 45ms (Views: 42.2ms | ActiveRecord: 0.3ms)


Started GET "/students/" for ::1 at 2018-06-12 20:08:18 -0400
Processing by StudentsController#index as HTML
  [1m[36mStudent Load (0.3ms)[0m  [1mSELECT "students".* FROM "students"[0m
  Rendered students/index.html.erb within layouts/application (2.3ms)
Completed 200 OK in 53ms (Views: 51.7ms | ActiveRecord: 0.3ms)


Started GET "/students/" for ::1 at 2018-06-12 20:09:51 -0400
Processing by StudentsController#index as HTML
  [1m[35mStudent Load (1.1ms)[0m  SELECT "students".* FROM "students"
  Rendered students/index.html.erb within layouts/application (16.8ms)
Completed 200 OK in 94ms (Views: 84.7ms | ActiveRecord: 1.1ms)


Started GET "/students/3" for ::1 at 2018-06-12 20:10:10 -0400
Processing by StudentsController#show as HTML
  Parameters: {"id"=>"3"}
  [1m[36mStudent Load (0.2ms)[0m  [1mSELECT  "students".* FROM "students" WHERE "students"."id" = ? LIMIT 1[0m  [["id", 3]]
  Rendered students/show.html.erb within layouts/application (0.1ms)
Completed 200 OK in 51ms (Views: 48.6ms | ActiveRecord: 0.2ms)


Started GET "/students/" for ::1 at 2018-06-12 20:10:14 -0400
Processing by StudentsController#index as HTML
  [1m[35mStudent Load (0.2ms)[0m  SELECT "students".* FROM "students"
  Rendered students/index.html.erb within layouts/application (1.6ms)
Completed 200 OK in 26ms (Views: 25.1ms | ActiveRecord: 0.2ms)


Started GET "/students/3" for ::1 at 2018-06-12 20:11:26 -0400
Processing by StudentsController#show as HTML
  Parameters: {"id"=>"3"}
  [1m[36mStudent Load (1.3ms)[0m  [1mSELECT  "students".* FROM "students" WHERE "students"."id" = ? LIMIT 1[0m  [["id", 3]]
  Rendered students/show.html.erb within layouts/application (5.6ms)
Completed 200 OK in 103ms (Views: 89.1ms | ActiveRecord: 1.3ms)


Started GET "/students" for ::1 at 2018-06-12 20:11:27 -0400
Processing by StudentsController#index as HTML
  [1m[35mStudent Load (0.8ms)[0m  SELECT "students".* FROM "students"
  Rendered students/index.html.erb within layouts/application (10.2ms)
Completed 200 OK in 64ms (Views: 57.6ms | ActiveRecord: 0.8ms)


Started GET "/students/3" for ::1 at 2018-06-12 20:11:29 -0400
Processing by StudentsController#show as HTML
  Parameters: {"id"=>"3"}
  [1m[36mStudent Load (0.2ms)[0m  [1mSELECT  "students".* FROM "students" WHERE "students"."id" = ? LIMIT 1[0m  [["id", 3]]
  Rendered students/show.html.erb within layouts/application (0.3ms)
Completed 200 OK in 46ms (Views: 44.2ms | ActiveRecord: 0.2ms)


Started GET "/students" for ::1 at 2018-06-12 20:11:30 -0400
Processing by StudentsController#index as HTML
  [1m[35mStudent Load (0.2ms)[0m  SELECT "students".* FROM "students"
  Rendered students/index.html.erb within layouts/application (1.9ms)
Completed 200 OK in 61ms (Views: 59.2ms | ActiveRecord: 0.2ms)


Started GET "/students/1" for ::1 at 2018-06-12 20:11:43 -0400
Processing by StudentsController#show as HTML
  Parameters: {"id"=>"1"}
  [1m[36mStudent Load (0.6ms)[0m  [1mSELECT  "students".* FROM "students" WHERE "students"."id" = ? LIMIT 1[0m  [["id", 1]]
  Rendered students/show.html.erb within layouts/application (0.5ms)
Completed 200 OK in 61ms (Views: 54.4ms | ActiveRecord: 0.6ms)


Started GET "/students" for ::1 at 2018-06-12 20:11:45 -0400
Processing by StudentsController#index as HTML
  [1m[35mStudent Load (0.3ms)[0m  SELECT "students".* FROM "students"
  Rendered students/index.html.erb within layouts/application (2.4ms)
Completed 200 OK in 61ms (Views: 59.8ms | ActiveRecord: 0.3ms)


Started GET "/students/3" for ::1 at 2018-06-12 20:11:46 -0400
Processing by StudentsController#show as HTML
  Parameters: {"id"=>"3"}
  [1m[36mStudent Load (0.2ms)[0m  [1mSELECT  "students".* FROM "students" WHERE "students"."id" = ? LIMIT 1[0m  [["id", 3]]
  Rendered students/show.html.erb within layouts/application (0.7ms)
Completed 200 OK in 59ms (Views: 56.8ms | ActiveRecord: 0.2ms)


Started GET "/students" for ::1 at 2018-06-12 20:11:47 -0400
Processing by StudentsController#index as HTML
  [1m[35mStudent Load (0.3ms)[0m  SELECT "students".* FROM "students"
  Rendered students/index.html.erb within layouts/application (2.1ms)
Completed 200 OK in 50ms (Views: 48.4ms | ActiveRecord: 0.3ms)


Started GET "/students" for ::1 at 2018-06-12 20:16:32 -0400
Processing by StudentsController#index as HTML
  [1m[36mStudent Load (1.2ms)[0m  [1mSELECT "students".* FROM "students"[0m
  Rendered students/index.html.erb within layouts/application (21.0ms)
Completed 200 OK in 134ms (Views: 116.0ms | ActiveRecord: 1.2ms)


Started GET "/students/new" for ::1 at 2018-06-12 20:16:35 -0400
Processing by StudentsController#new as HTML
  Rendered students/new.html.erb within layouts/application (16.2ms)
Completed 200 OK in 61ms (Views: 59.4ms | ActiveRecord: 0.0ms)


Started POST "/students" for ::1 at 2018-06-12 20:16:58 -0400
Processing by StudentsController#create as HTML
  Parameters: {"utf8"=>"✓", "authenticity_token"=>"wkpqQ2YgUaY5NaBwIKViWmTSBviMQYJLXWW7AtSZui2FymHKoU0b7rwZPYiZ09/UCZmq9URJnjE1fTo/Jas1vg==", "student"=>{"first_name"=>"Malorie", "last_name"=>"Malmal"}, "commit"=>"Register Student"}
  [1m[35m (0.3ms)[0m  begin transaction
  [1m[36mSQL (1.0ms)[0m  [1mINSERT INTO "students" ("first_name", "last_name", "created_at", "updated_at") VALUES (?, ?, ?, ?)[0m  [["first_name", "Malorie"], ["last_name", "Malmal"], ["created_at", "2018-06-13 00:16:58.018116"], ["updated_at", "2018-06-13 00:16:58.018116"]]
  [1m[35m (3.9ms)[0m  commit transaction
Redirected to http://localhost:3000/students/4
Completed 302 Found in 37ms (ActiveRecord: 5.2ms)


Started GET "/students/4" for ::1 at 2018-06-12 20:16:58 -0400
Processing by StudentsController#show as HTML
  Parameters: {"id"=>"4"}
  [1m[36mStudent Load (0.3ms)[0m  [1mSELECT  "students".* FROM "students" WHERE "students"."id" = ? LIMIT 1[0m  [["id", 4]]
  Rendered students/show.html.erb within layouts/application (2.2ms)
Completed 200 OK in 77ms (Views: 74.6ms | ActiveRecord: 0.3ms)


Started GET "/students/4" for ::1 at 2018-06-12 20:17:28 -0400
Processing by StudentsController#show as HTML
  Parameters: {"id"=>"4"}
  [1m[35mStudent Load (0.5ms)[0m  SELECT  "students".* FROM "students" WHERE "students"."id" = ? LIMIT 1  [["id", 4]]
  Rendered students/show.html.erb within layouts/application (0.9ms)
Completed 200 OK in 74ms (Views: 70.6ms | ActiveRecord: 0.5ms)


Started GET "/students" for ::1 at 2018-06-12 20:17:44 -0400
Processing by StudentsController#index as HTML
  [1m[36mStudent Load (0.7ms)[0m  [1mSELECT "students".* FROM "students"[0m
  Rendered students/index.html.erb within layouts/application (4.4ms)
Completed 200 OK in 67ms (Views: 64.1ms | ActiveRecord: 0.7ms)


Started GET "/students/4" for ::1 at 2018-06-12 20:20:44 -0400
  [1m[36mActiveRecord::SchemaMigration Load (2.3ms)[0m  [1mSELECT "schema_migrations".* FROM "schema_migrations"[0m
Processing by StudentsController#show as HTML
  Parameters: {"id"=>"4"}
  [1m[35mStudent Load (2.8ms)[0m  SELECT  "students".* FROM "students" WHERE "students"."id" = ? LIMIT 1  [["id", 4]]
  Rendered students/show.html.erb within layouts/application (4.0ms)
Completed 200 OK in 492ms (Views: 450.1ms | ActiveRecord: 3.4ms)


Started GET "/students/4/edit" for ::1 at 2018-06-12 20:20:52 -0400
Processing by StudentsController#edit as HTML
  Parameters: {"id"=>"4"}
  [1m[36mStudent Load (0.3ms)[0m  [1mSELECT  "students".* FROM "students" WHERE "students"."id" = ? LIMIT 1[0m  [["id", 4]]
  Rendered students/edit.html.erb within layouts/application (35.2ms)
Completed 200 OK in 67ms (Views: 64.7ms | ActiveRecord: 0.3ms)


Started PATCH "/students/4" for ::1 at 2018-06-12 20:20:58 -0400
Processing by StudentsController#update as HTML
  Parameters: {"utf8"=>"✓", "authenticity_token"=>"7hWJQg+sdMABGA9M3yFDBLsISB/Yk9G816U+QHOFPWmplYLLyME+iIQ0krRmV/6K1kPkEhCbzca/vb99grey+g==", "student"=>{"first_name"=>"Malorie", "last_name"=>"Casimir"}, "commit"=>"Edit Student", "id"=>"4"}
  [1m[35mStudent Load (0.2ms)[0m  SELECT  "students".* FROM "students" WHERE "students"."id" = ? LIMIT 1  [["id", 4]]
  [1m[36m (0.1ms)[0m  [1mbegin transaction[0m
  [1m[35mSQL (0.6ms)[0m  UPDATE "students" SET "last_name" = ?, "updated_at" = ? WHERE "students"."id" = ?  [["last_name", "Casimir"], ["updated_at", "2018-06-13 00:20:58.969073"], ["id", 4]]
  [1m[36m (2.8ms)[0m  [1mcommit transaction[0m
Redirected to http://localhost:3000/students/4
Completed 302 Found in 10ms (ActiveRecord: 3.6ms)


Started GET "/students/4" for ::1 at 2018-06-12 20:20:58 -0400
Processing by StudentsController#show as HTML
  Parameters: {"id"=>"4"}
  [1m[35mStudent Load (0.2ms)[0m  SELECT  "students".* FROM "students" WHERE "students"."id" = ? LIMIT 1  [["id", 4]]
  Rendered students/show.html.erb within layouts/application (0.5ms)
Completed 200 OK in 39ms (Views: 37.1ms | ActiveRecord: 0.2ms)


Started GET "/students" for ::1 at 2018-06-12 20:21:11 -0400
Processing by StudentsController#index as HTML
  [1m[36mStudent Load (0.3ms)[0m  [1mSELECT "students".* FROM "students"[0m
  Rendered students/index.html.erb within layouts/application (3.3ms)
Completed 200 OK in 69ms (Views: 64.6ms | ActiveRecord: 0.3ms)


Started GET "/students/1" for ::1 at 2018-06-12 20:21:16 -0400
Processing by StudentsController#show as HTML
  Parameters: {"id"=>"1"}
  [1m[35mStudent Load (0.2ms)[0m  SELECT  "students".* FROM "students" WHERE "students"."id" = ? LIMIT 1  [["id", 1]]
  Rendered students/show.html.erb within layouts/application (0.6ms)
Completed 200 OK in 45ms (Views: 41.8ms | ActiveRecord: 0.2ms)


Started GET "/students/1/edit" for ::1 at 2018-06-12 20:21:18 -0400
Processing by StudentsController#edit as HTML
  Parameters: {"id"=>"1"}
  [1m[36mStudent Load (0.2ms)[0m  [1mSELECT  "students".* FROM "students" WHERE "students"."id" = ? LIMIT 1[0m  [["id", 1]]
  Rendered students/edit.html.erb within layouts/application (4.1ms)
Completed 200 OK in 46ms (Views: 43.4ms | ActiveRecord: 0.2ms)


Started PATCH "/students/1" for ::1 at 2018-06-12 20:21:21 -0400
Processing by StudentsController#update as HTML
  Parameters: {"utf8"=>"✓", "authenticity_token"=>"F37qX1MuL1elyyimLUvq/UFsJ6gJ4NjHcp3HH+RlKS9Q/uHWlENlHyDntV6UPVdzLCeLpcHoxL0ahUYiFVemvA==", "student"=>{"first_name"=>"Jordan", "last_name"=>"Hudgns"}, "commit"=>"Edit Student", "id"=>"1"}
  [1m[35mStudent Load (0.1ms)[0m  SELECT  "students".* FROM "students" WHERE "students"."id" = ? LIMIT 1  [["id", 1]]
  [1m[36m (0.1ms)[0m  [1mbegin transaction[0m
  [1m[35mSQL (0.4ms)[0m  UPDATE "students" SET "last_name" = ?, "updated_at" = ? WHERE "students"."id" = ?  [["last_name", "Hudgns"], ["updated_at", "2018-06-13 00:21:21.543317"], ["id", 1]]
  [1m[36m (2.8ms)[0m  [1mcommit transaction[0m
Redirected to http://localhost:3000/students/1
Completed 302 Found in 8ms (ActiveRecord: 3.4ms)


Started GET "/students/1" for ::1 at 2018-06-12 20:21:21 -0400
Processing by StudentsController#show as HTML
  Parameters: {"id"=>"1"}
  [1m[35mStudent Load (0.2ms)[0m  SELECT  "students".* FROM "students" WHERE "students"."id" = ? LIMIT 1  [["id", 1]]
  Rendered students/show.html.erb within layouts/application (0.3ms)
Completed 200 OK in 36ms (Views: 33.1ms | ActiveRecord: 0.2ms)


Started GET "/students" for ::1 at 2018-06-12 20:21:30 -0400
Processing by StudentsController#index as HTML
  [1m[36mStudent Load (0.3ms)[0m  [1mSELECT "students".* FROM "students"[0m
  Rendered students/index.html.erb within layouts/application (2.2ms)
Completed 200 OK in 31ms (Views: 29.1ms | ActiveRecord: 0.3ms)


Started GET "/students/1" for ::1 at 2018-06-12 20:21:31 -0400
Processing by StudentsController#show as HTML
  Parameters: {"id"=>"1"}
  [1m[35mStudent Load (0.1ms)[0m  SELECT  "students".* FROM "students" WHERE "students"."id" = ? LIMIT 1  [["id", 1]]
  Rendered students/show.html.erb within layouts/application (0.6ms)
Completed 200 OK in 29ms (Views: 27.4ms | ActiveRecord: 0.1ms)


Started GET "/students" for ::1 at 2018-06-12 20:21:33 -0400
Processing by StudentsController#index as HTML
  [1m[36mStudent Load (0.2ms)[0m  [1mSELECT "students".* FROM "students"[0m
  Rendered students/index.html.erb within layouts/application (2.3ms)
Completed 200 OK in 34ms (Views: 33.5ms | ActiveRecord: 0.2ms)


Started GET "/students/1" for ::1 at 2018-06-12 20:21:35 -0400
Processing by StudentsController#show as HTML
  Parameters: {"id"=>"1"}
  [1m[35mStudent Load (0.2ms)[0m  SELECT  "students".* FROM "students" WHERE "students"."id" = ? LIMIT 1  [["id", 1]]
  Rendered students/show.html.erb within layouts/application (0.5ms)
Completed 200 OK in 33ms (Views: 30.5ms | ActiveRecord: 0.2ms)


Started GET "/students" for ::1 at 2018-06-12 20:21:36 -0400
Processing by StudentsController#index as HTML
  [1m[36mStudent Load (0.3ms)[0m  [1mSELECT "students".* FROM "students"[0m
  Rendered students/index.html.erb within layouts/application (1.6ms)
Completed 200 OK in 35ms (Views: 33.8ms | ActiveRecord: 0.3ms)


Started GET "/students/3" for ::1 at 2018-06-12 20:21:37 -0400
Processing by StudentsController#show as HTML
  Parameters: {"id"=>"3"}
  [1m[35mStudent Load (0.2ms)[0m  SELECT  "students".* FROM "students" WHERE "students"."id" = ? LIMIT 1  [["id", 3]]
  Rendered students/show.html.erb within layouts/application (0.6ms)
Completed 200 OK in 36ms (Views: 33.6ms | ActiveRecord: 0.2ms)


Started GET "/students/3/edit" for ::1 at 2018-06-12 20:21:39 -0400
Processing by StudentsController#edit as HTML
  Parameters: {"id"=>"3"}
  [1m[36mStudent Load (0.2ms)[0m  [1mSELECT  "students".* FROM "students" WHERE "students"."id" = ? LIMIT 1[0m  [["id", 3]]
  Rendered students/edit.html.erb within layouts/application (4.0ms)
Completed 200 OK in 36ms (Views: 33.8ms | ActiveRecord: 0.2ms)


Started PATCH "/students/3" for ::1 at 2018-06-12 20:21:43 -0400
Processing by StudentsController#update as HTML
  Parameters: {"utf8"=>"✓", "authenticity_token"=>"oFgfFu+yZ9To1F5eMGOIBnt7/8J1Ha157x0dQsWtJ+fn2BSfKN8tnG34w6aJFTWIFjBTz70VsQOHBZx/NJ+odA==", "student"=>{"first_name"=>"Jth", "last_name"=>"Gordon"}, "commit"=>"Edit Student", "id"=>"3"}
  [1m[35mStudent Load (0.2ms)[0m  SELECT  "students".* FROM "students" WHERE "students"."id" = ? LIMIT 1  [["id", 3]]
  [1m[36m (0.1ms)[0m  [1mbegin transaction[0m
  [1m[35mSQL (0.6ms)[0m  UPDATE "students" SET "first_name" = ?, "updated_at" = ? WHERE "students"."id" = ?  [["first_name", "Jth"], ["updated_at", "2018-06-13 00:21:43.205654"], ["id", 3]]
  [1m[36m (5.3ms)[0m  [1mcommit transaction[0m
Redirected to http://localhost:3000/students/3
Completed 302 Found in 11ms (ActiveRecord: 6.1ms)


Started GET "/students/3" for ::1 at 2018-06-12 20:21:43 -0400
Processing by StudentsController#show as HTML
  Parameters: {"id"=>"3"}
  [1m[35mStudent Load (0.1ms)[0m  SELECT  "students".* FROM "students" WHERE "students"."id" = ? LIMIT 1  [["id", 3]]
  Rendered students/show.html.erb within layouts/application (0.4ms)
Completed 200 OK in 26ms (Views: 24.9ms | ActiveRecord: 0.1ms)


Started GET "/students" for ::1 at 2018-06-12 20:21:44 -0400
Processing by StudentsController#index as HTML
  [1m[36mStudent Load (0.3ms)[0m  [1mSELECT "students".* FROM "students"[0m
  Rendered students/index.html.erb within layouts/application (2.7ms)
Completed 200 OK in 49ms (Views: 47.7ms | ActiveRecord: 0.3ms)


Started GET "/students/4" for ::1 at 2018-06-12 20:21:45 -0400
Processing by StudentsController#show as HTML
  Parameters: {"id"=>"4"}
  [1m[35mStudent Load (0.3ms)[0m  SELECT  "students".* FROM "students" WHERE "students"."id" = ? LIMIT 1  [["id", 4]]
  Rendered students/show.html.erb within layouts/application (0.5ms)
Completed 200 OK in 31ms (Views: 28.5ms | ActiveRecord: 0.3ms)


Started GET "/students" for ::1 at 2018-06-12 20:21:46 -0400
Processing by StudentsController#index as HTML
  [1m[36mStudent Load (0.3ms)[0m  [1mSELECT "students".* FROM "students"[0m
  Rendered students/index.html.erb within layouts/application (1.7ms)
Completed 200 OK in 36ms (Views: 35.1ms | ActiveRecord: 0.3ms)


Started GET "/students/new" for ::1 at 2018-06-12 20:21:47 -0400
Processing by StudentsController#new as HTML
  Rendered students/new.html.erb within layouts/application (3.3ms)
Completed 200 OK in 30ms (Views: 28.4ms | ActiveRecord: 0.0ms)


Started POST "/students" for ::1 at 2018-06-12 20:21:53 -0400
Processing by StudentsController#create as HTML
  Parameters: {"utf8"=>"✓", "authenticity_token"=>"q3ik7/DGLyPTEGZwiUbEa/b2VE8Dn64E0IyGZu4O/Wfs+K9mN6tla1Y8+4gwMHnlm734QsuXsn64lAdbHzxy9A==", "student"=>{"first_name"=>"mlmlm", "last_name"=>"iio"}, "commit"=>"Register Student"}
  [1m[35m (0.1ms)[0m  begin transaction
  [1m[36mSQL (2.5ms)[0m  [1mINSERT INTO "students" ("first_name", "last_name", "created_at", "updated_at") VALUES (?, ?, ?, ?)[0m  [["first_name", "mlmlm"], ["last_name", "iio"], ["created_at", "2018-06-13 00:21:53.220524"], ["updated_at", "2018-06-13 00:21:53.220524"]]
  [1m[35m (7.6ms)[0m  commit transaction
Redirected to http://localhost:3000/students/5
Completed 302 Found in 16ms (ActiveRecord: 10.3ms)


Started GET "/students/5" for ::1 at 2018-06-12 20:21:53 -0400
Processing by StudentsController#show as HTML
  Parameters: {"id"=>"5"}
  [1m[36mStudent Load (0.1ms)[0m  [1mSELECT  "students".* FROM "students" WHERE "students"."id" = ? LIMIT 1[0m  [["id", 5]]
  Rendered students/show.html.erb within layouts/application (0.4ms)
Completed 200 OK in 20ms (Views: 19.3ms | ActiveRecord: 0.1ms)


Started GET "/students/5/edit" for ::1 at 2018-06-12 20:21:55 -0400
Processing by StudentsController#edit as HTML
  Parameters: {"id"=>"5"}
  [1m[35mStudent Load (0.5ms)[0m  SELECT  "students".* FROM "students" WHERE "students"."id" = ? LIMIT 1  [["id", 5]]
  Rendered students/edit.html.erb within layouts/application (2.0ms)
Completed 200 OK in 31ms (Views: 28.7ms | ActiveRecord: 0.5ms)


Started PATCH "/students/5" for ::1 at 2018-06-12 20:21:58 -0400
Processing by StudentsController#update as HTML
  Parameters: {"utf8"=>"✓", "authenticity_token"=>"NmQGtbpQcmaDBN4USsRfXpIwMuQLqga4VqFxsLISip9x5A08fT04LgYoQ+zzsuLQ/3ue6cOiGsI+ufCNQyAFDA==", "student"=>{"first_name"=>"", "last_name"=>"iio"}, "commit"=>"Edit Student", "id"=>"5"}
  [1m[36mStudent Load (0.1ms)[0m  [1mSELECT  "students".* FROM "students" WHERE "students"."id" = ? LIMIT 1[0m  [["id", 5]]
  [1m[35m (0.1ms)[0m  begin transaction
  [1m[36mSQL (0.4ms)[0m  [1mUPDATE "students" SET "first_name" = ?, "updated_at" = ? WHERE "students"."id" = ?[0m  [["first_name", ""], ["updated_at", "2018-06-13 00:21:58.552942"], ["id", 5]]
  [1m[35m (2.7ms)[0m  commit transaction
Redirected to http://localhost:3000/students/5
Completed 302 Found in 8ms (ActiveRecord: 3.3ms)


Started GET "/students/5" for ::1 at 2018-06-12 20:21:58 -0400
Processing by StudentsController#show as HTML
  Parameters: {"id"=>"5"}
  [1m[36mStudent Load (0.2ms)[0m  [1mSELECT  "students".* FROM "students" WHERE "students"."id" = ? LIMIT 1[0m  [["id", 5]]
  Rendered students/show.html.erb within layouts/application (0.7ms)
Completed 200 OK in 21ms (Views: 19.5ms | ActiveRecord: 0.2ms)


Started GET "/students" for ::1 at 2018-06-12 20:22:00 -0400
Processing by StudentsController#index as HTML
  [1m[35mStudent Load (0.4ms)[0m  SELECT "students".* FROM "students"
  Rendered students/index.html.erb within layouts/application (1.7ms)
Completed 200 OK in 32ms (Views: 30.1ms | ActiveRecord: 0.4ms)


Started GET "/students/1" for ::1 at 2018-06-12 20:22:17 -0400
Processing by StudentsController#show as HTML
  Parameters: {"id"=>"1"}
  [1m[36mStudent Load (0.4ms)[0m  [1mSELECT  "students".* FROM "students" WHERE "students"."id" = ? LIMIT 1[0m  [["id", 1]]
  Rendered students/show.html.erb within layouts/application (0.9ms)
Completed 200 OK in 40ms (Views: 37.4ms | ActiveRecord: 0.4ms)


Started GET "/students/1/edit" for ::1 at 2018-06-12 20:22:19 -0400
Processing by StudentsController#edit as HTML
  Parameters: {"id"=>"1"}
  [1m[35mStudent Load (2.1ms)[0m  SELECT  "students".* FROM "students" WHERE "students"."id" = ? LIMIT 1  [["id", 1]]
  Rendered students/edit.html.erb within layouts/application (3.3ms)
Completed 200 OK in 37ms (Views: 32.2ms | ActiveRecord: 2.1ms)


Started PATCH "/students/1" for ::1 at 2018-06-12 20:22:24 -0400
Processing by StudentsController#update as HTML
  Parameters: {"utf8"=>"✓", "authenticity_token"=>"aajbRfa0kfV0zAdMB18dXkRto85gbOpeNnVwTpsOsHwuKNDMMdnbvfHgmrS+KaDQKSYPw6hk9iRebfFzajw/7w==", "student"=>{"first_name"=>"Jordan", "last_name"=>"Hudgens"}, "commit"=>"Edit Student", "id"=>"1"}
  [1m[36mStudent Load (0.1ms)[0m  [1mSELECT  "students".* FROM "students" WHERE "students"."id" = ? LIMIT 1[0m  [["id", 1]]
  [1m[35m (0.0ms)[0m  begin transaction
  [1m[36mSQL (0.3ms)[0m  [1mUPDATE "students" SET "last_name" = ?, "updated_at" = ? WHERE "students"."id" = ?[0m  [["last_name", "Hudgens"], ["updated_at", "2018-06-13 00:22:24.765560"], ["id", 1]]
  [1m[35m (3.1ms)[0m  commit transaction
Redirected to http://localhost:3000/students/1
Completed 302 Found in 8ms (ActiveRecord: 3.6ms)


Started GET "/students/1" for ::1 at 2018-06-12 20:22:24 -0400
Processing by StudentsController#show as HTML
  Parameters: {"id"=>"1"}
  [1m[36mStudent Load (0.1ms)[0m  [1mSELECT  "students".* FROM "students" WHERE "students"."id" = ? LIMIT 1[0m  [["id", 1]]
  Rendered students/show.html.erb within layouts/application (0.5ms)
Completed 200 OK in 31ms (Views: 29.3ms | ActiveRecord: 0.1ms)


Started GET "/students" for ::1 at 2018-06-12 20:22:26 -0400
Processing by StudentsController#index as HTML
  [1m[35mStudent Load (0.3ms)[0m  SELECT "students".* FROM "students"
  Rendered students/index.html.erb within layouts/application (2.2ms)
Completed 200 OK in 42ms (Views: 40.8ms | ActiveRecord: 0.3ms)


Started GET "/students/3" for ::1 at 2018-06-12 20:22:28 -0400
Processing by StudentsController#show as HTML
  Parameters: {"id"=>"3"}
  [1m[36mStudent Load (2.7ms)[0m  [1mSELECT  "students".* FROM "students" WHERE "students"."id" = ? LIMIT 1[0m  [["id", 3]]
  Rendered students/show.html.erb within layouts/application (0.6ms)
Completed 200 OK in 34ms (Views: 29.7ms | ActiveRecord: 2.7ms)


Started GET "/students/3/edit" for ::1 at 2018-06-12 20:22:29 -0400
Processing by StudentsController#edit as HTML
  Parameters: {"id"=>"3"}
  [1m[35mStudent Load (0.2ms)[0m  SELECT  "students".* FROM "students" WHERE "students"."id" = ? LIMIT 1  [["id", 3]]
  Rendered students/edit.html.erb within layouts/application (1.2ms)
Completed 200 OK in 32ms (Views: 29.5ms | ActiveRecord: 0.2ms)


Started PATCH "/students/3" for ::1 at 2018-06-12 20:22:35 -0400
Processing by StudentsController#update as HTML
  Parameters: {"utf8"=>"✓", "authenticity_token"=>"/RVximv5D4KwPCTUiTUpBTGoGRQgIDj2aoZDohMI45C6lXoDrJRFyjUQuSwwQ5SLXOO1GegoJIwCnsKf4jpsAw==", "student"=>{"first_name"=>"Jath", "last_name"=>"Gordon"}, "commit"=>"Edit Student", "id"=>"3"}
  [1m[36mStudent Load (0.1ms)[0m  [1mSELECT  "students".* FROM "students" WHERE "students"."id" = ? LIMIT 1[0m  [["id", 3]]
  [1m[35m (0.1ms)[0m  begin transaction
  [1m[36mSQL (0.4ms)[0m  [1mUPDATE "students" SET "first_name" = ?, "updated_at" = ? WHERE "students"."id" = ?[0m  [["first_name", "Jath"], ["updated_at", "2018-06-13 00:22:35.795844"], ["id", 3]]
  [1m[35m (3.3ms)[0m  commit transaction
Redirected to http://localhost:3000/students/3
Completed 302 Found in 8ms (ActiveRecord: 3.9ms)


Started GET "/students/3" for ::1 at 2018-06-12 20:22:35 -0400
Processing by StudentsController#show as HTML
  Parameters: {"id"=>"3"}
  [1m[36mStudent Load (0.1ms)[0m  [1mSELECT  "students".* FROM "students" WHERE "students"."id" = ? LIMIT 1[0m  [["id", 3]]
  Rendered students/show.html.erb within layouts/application (0.5ms)
Completed 200 OK in 23ms (Views: 22.2ms | ActiveRecord: 0.1ms)


Started GET "/students" for ::1 at 2018-06-12 20:22:38 -0400
Processing by StudentsController#index as HTML
  [1m[35mStudent Load (0.1ms)[0m  SELECT "students".* FROM "students"
  Rendered students/index.html.erb within layouts/application (1.2ms)
Completed 200 OK in 34ms (Views: 21.8ms | ActiveRecord: 0.1ms)


Started GET "/students/5" for ::1 at 2018-06-12 20:22:44 -0400
Processing by StudentsController#show as HTML
  Parameters: {"id"=>"5"}
  [1m[36mStudent Load (0.2ms)[0m  [1mSELECT  "students".* FROM "students" WHERE "students"."id" = ? LIMIT 1[0m  [["id", 5]]
  Rendered students/show.html.erb within layouts/application (0.5ms)
Completed 200 OK in 28ms (Views: 25.7ms | ActiveRecord: 0.2ms)


Started GET "/students/5/edit" for ::1 at 2018-06-12 20:22:46 -0400
Processing by StudentsController#edit as HTML
  Parameters: {"id"=>"5"}
  [1m[35mStudent Load (0.2ms)[0m  SELECT  "students".* FROM "students" WHERE "students"."id" = ? LIMIT 1  [["id", 5]]
  Rendered students/edit.html.erb within layouts/application (1.1ms)
Completed 200 OK in 28ms (Views: 26.0ms | ActiveRecord: 0.2ms)


Started PATCH "/students/5" for ::1 at 2018-06-12 20:22:52 -0400
Processing by StudentsController#update as HTML
  Parameters: {"utf8"=>"✓", "authenticity_token"=>"p7WjN2j2YyoujbQfYfDv7galatgG43r25ykoOp4jbXbgNai+r5spYquhKefYhlJga+7G1c7rZoyPMakHbxHi5Q==", "student"=>{"first_name"=>"Paul", "last_name"=>"Ly"}, "commit"=>"Edit Student", "id"=>"5"}
  [1m[36mStudent Load (0.1ms)[0m  [1mSELECT  "students".* FROM "students" WHERE "students"."id" = ? LIMIT 1[0m  [["id", 5]]
  [1m[35m (0.1ms)[0m  begin transaction
  [1m[36mSQL (0.6ms)[0m  [1mUPDATE "students" SET "first_name" = ?, "last_name" = ?, "updated_at" = ? WHERE "students"."id" = ?[0m  [["first_name", "Paul"], ["last_name", "Ly"], ["updated_at", "2018-06-13 00:22:52.714432"], ["id", 5]]
  [1m[35m (3.1ms)[0m  commit transaction
Redirected to http://localhost:3000/students/5
Completed 302 Found in 8ms (ActiveRecord: 3.8ms)


Started GET "/students/5" for ::1 at 2018-06-12 20:22:52 -0400
Processing by StudentsController#show as HTML
  Parameters: {"id"=>"5"}
  [1m[36mStudent Load (0.2ms)[0m  [1mSELECT  "students".* FROM "students" WHERE "students"."id" = ? LIMIT 1[0m  [["id", 5]]
  Rendered students/show.html.erb within layouts/application (0.3ms)
Completed 200 OK in 27ms (Views: 25.4ms | ActiveRecord: 0.2ms)


Started GET "/school_classes" for ::1 at 2018-06-13 13:57:16 -0400
  [1m[36mActiveRecord::SchemaMigration Load (2.8ms)[0m  [1mSELECT "schema_migrations".* FROM "schema_migrations"[0m
Processing by SchoolClassesController#index as HTML
  [1m[35mSchoolClass Load (2.7ms)[0m  SELECT "school_classes".* FROM "school_classes"
  Rendered school_classes/index.html.erb within layouts/application (8.3ms)
Completed 200 OK in 453ms (Views: 424.7ms | ActiveRecord: 2.9ms)


Started GET "/school_classes/new" for ::1 at 2018-06-13 14:01:59 -0400
Processing by SchoolClassesController#new as HTML
  Rendered school_classes/new.html.erb within layouts/application (2.6ms)
Completed 200 OK in 152ms (Views: 112.0ms | ActiveRecord: 2.7ms)


Started GET "/school_classes/new" for ::1 at 2018-06-13 14:02:05 -0400
Processing by SchoolClassesController#new as HTML
  Rendered school_classes/new.html.erb within layouts/application (0.0ms)
Completed 200 OK in 68ms (Views: 67.0ms | ActiveRecord: 0.0ms)


Started GET "/school_classes/new" for ::1 at 2018-06-13 14:02:29 -0400
Processing by SchoolClassesController#new as HTML
  Rendered school_classes/new.html.erb within layouts/application (96.9ms)
Completed 200 OK in 223ms (Views: 221.4ms | ActiveRecord: 0.0ms)


Started POST "/school_classes" for ::1 at 2018-06-13 14:09:47 -0400
Processing by SchoolClassesController#create as HTML
  Parameters: {"utf8"=>"✓", "authenticity_token"=>"0sMkbV6MQr0eXorC+5gRlbnLo3GBj4M3vmnQu1wOq/WVQy/kmeEI9ZtyFzpC7qwb1IAPfEmHn03WcVGGrTwkZg==", "school_class"=>{"title"=>"Joy Of Yams", "room_number"=>"302"}, "commit"=>"Create Class"}
  [1m[36m (2.6ms)[0m  [1mbegin transaction[0m
  [1m[35mSQL (5.9ms)[0m  INSERT INTO "school_classes" ("title", "room_number", "created_at", "updated_at") VALUES (?, ?, ?, ?)  [["title", "Joy Of Yams"], ["room_number", 302], ["created_at", "2018-06-13 18:09:47.500658"], ["updated_at", "2018-06-13 18:09:47.500658"]]
  [1m[36m (5.3ms)[0m  [1mcommit transaction[0m
Redirected to http://localhost:3000/school_classes/1
Completed 302 Found in 61ms (ActiveRecord: 13.9ms)


Started GET "/school_classes/1" for ::1 at 2018-06-13 14:09:47 -0400
Processing by SchoolClassesController#show as HTML
  Parameters: {"id"=>"1"}
  [1m[35mSchoolClass Load (0.5ms)[0m  SELECT  "school_classes".* FROM "school_classes" WHERE "school_classes"."id" = ? LIMIT 1  [["id", 1]]
  Rendered school_classes/show.html.erb within layouts/application (0.7ms)
Completed 200 OK in 167ms (Views: 103.4ms | ActiveRecord: 0.5ms)


Started GET "/school_classes" for ::1 at 2018-06-13 14:10:02 -0400
Processing by SchoolClassesController#index as HTML
  [1m[36mSchoolClass Load (0.2ms)[0m  [1mSELECT "school_classes".* FROM "school_classes"[0m
  Rendered school_classes/index.html.erb within layouts/application (2.5ms)
Completed 200 OK in 67ms (Views: 66.1ms | ActiveRecord: 0.2ms)


Started GET "/school_classes" for ::1 at 2018-06-13 14:10:27 -0400
Processing by SchoolClassesController#index as HTML
  [1m[35mSchoolClass Load (0.5ms)[0m  SELECT "school_classes".* FROM "school_classes"
  Rendered school_classes/index.html.erb within layouts/application (5.7ms)
Completed 200 OK in 52ms (Views: 48.9ms | ActiveRecord: 0.5ms)


Started GET "/school_classes/1" for ::1 at 2018-06-13 14:11:59 -0400
Processing by SchoolClassesController#show as HTML
  Parameters: {"id"=>"1"}
  [1m[36mSchoolClass Load (1.6ms)[0m  [1mSELECT  "school_classes".* FROM "school_classes" WHERE "school_classes"."id" = ? LIMIT 1[0m  [["id", 1]]
  Rendered school_classes/show.html.erb within layouts/application (13.3ms)
Completed 200 OK in 110ms (Views: 85.9ms | ActiveRecord: 1.6ms)


Started GET "/school_classes/1" for ::1 at 2018-06-13 14:13:13 -0400
Processing by SchoolClassesController#show as HTML
  Parameters: {"id"=>"1"}
  [1m[35mSchoolClass Load (1.0ms)[0m  SELECT  "school_classes".* FROM "school_classes" WHERE "school_classes"."id" = ? LIMIT 1  [["id", 1]]
  Rendered school_classes/show.html.erb within layouts/application (13.7ms)
Completed 200 OK in 115ms (Views: 93.3ms | ActiveRecord: 1.0ms)


Started GET "/school_classes/1" for ::1 at 2018-06-13 14:15:19 -0400
Processing by SchoolClassesController#show as HTML
  Parameters: {"id"=>"1"}
  [1m[36mSchoolClass Load (1.4ms)[0m  [1mSELECT  "school_classes".* FROM "school_classes" WHERE "school_classes"."id" = ? LIMIT 1[0m  [["id", 1]]
  Rendered school_classes/show.html.erb within layouts/application (10.2ms)
Completed 200 OK in 109ms (Views: 89.7ms | ActiveRecord: 1.4ms)


Started GET "/school_classes/1" for ::1 at 2018-06-13 14:15:49 -0400
Processing by SchoolClassesController#show as HTML
  Parameters: {"id"=>"1"}
  [1m[35mSchoolClass Load (0.2ms)[0m  SELECT  "school_classes".* FROM "school_classes" WHERE "school_classes"."id" = ? LIMIT 1  [["id", 1]]
  Rendered school_classes/show.html.erb within layouts/application (1.4ms)
Completed 200 OK in 42ms (Views: 39.7ms | ActiveRecord: 0.2ms)


Started GET "/school_classes/1/edit" for ::1 at 2018-06-13 14:32:34 -0400
Processing by SchoolClassesController#edit as HTML
  Parameters: {"id"=>"1"}
  [1m[36mSchoolClass Load (1.4ms)[0m  [1mSELECT  "school_classes".* FROM "school_classes" WHERE "school_classes"."id" = ? LIMIT 1[0m  [["id", 1]]
  Rendered school_classes/edit.html.erb within layouts/application (68.5ms)
Completed 200 OK in 175ms (Views: 151.3ms | ActiveRecord: 1.4ms)


Started PATCH "/school_classes/1" for ::1 at 2018-06-13 14:32:47 -0400
Processing by SchoolClassesController#update as HTML
  Parameters: {"utf8"=>"✓", "authenticity_token"=>"ftKwvKrMjetqja+WEbKdxVMEaHuiwghUD+qLTshiARY5Urs1baHHo++hMm6oxCBLPk/EdmrKFC5n8gpzOVCOhQ==", "school_class"=>{"title"=>"Joy Of Yams", "room_number"=>"301"}, "commit"=>"Edit Class", "id"=>"1"}
  [1m[35mSchoolClass Load (0.2ms)[0m  SELECT  "school_classes".* FROM "school_classes" WHERE "school_classes"."id" = ? LIMIT 1  [["id", 1]]
  [1m[36m (0.5ms)[0m  [1mbegin transaction[0m
  [1m[35mSQL (3.4ms)[0m  UPDATE "school_classes" SET "room_number" = ?, "updated_at" = ? WHERE "school_classes"."id" = ?  [["room_number", 301], ["updated_at", "2018-06-13 18:32:47.667949"], ["id", 1]]
  [1m[36m (4.7ms)[0m  [1mcommit transaction[0m
Redirected to http://localhost:3000/school_classes/1
Completed 302 Found in 54ms (ActiveRecord: 8.8ms)


Started GET "/school_classes/1" for ::1 at 2018-06-13 14:32:47 -0400
Processing by SchoolClassesController#show as HTML
  Parameters: {"id"=>"1"}
  [1m[35mSchoolClass Load (0.1ms)[0m  SELECT  "school_classes".* FROM "school_classes" WHERE "school_classes"."id" = ? LIMIT 1  [["id", 1]]
  Rendered school_classes/show.html.erb within layouts/application (1.8ms)
Completed 200 OK in 44ms (Views: 43.2ms | ActiveRecord: 0.1ms)
